<?xml version="1.0" encoding="UTF-8"?>
<!-- Generated by org.testng.reporters.JUnitXMLReporter -->
<testsuite hostname="LAPTOP-04B1LE1H" ignored="0" name="Command line test" tests="11" failures="0" timestamp="2022-12-04T16:59:47 GMT" time="143.325" errors="0">
  <testcase name="verifyThatUserShouldLoginAndLogoutSuccessfully" time="2.453" classname="com.tutorialsninja.testsuite.AccountLoginPageTest"/>
  <testcase name="verifyUserShouldNavigateToLoginPageSuccessfully" time="1.639" classname="com.tutorialsninja.testsuite.AccountLoginPageTest"/>
  <testcase name="verifyThatUserShouldLoginAndLogoutSuccessfully" time="24.284" classname="com.tutorialsninja.testsuite.AccountRegisterPageTest"/>
  <testcase name="verifyUserShouldNavigateToLoginPageSuccessfully" time="20.966" classname="com.tutorialsninja.testsuite.AccountRegisterPageTest"/>
  <testcase name="verifyProductAddedToShoppingCartSuccessFully" time="14.637" classname="com.tutorialsninja.testsuite.DesktopsPageTest"/>
  <testcase name="verifyProductArrangeInAlphabeticalOrder" time="3.607" classname="com.tutorialsninja.testsuite.DesktopsPageTest"/>
  <testcase name="verifyProductsPriceDisplayHighToLowSuccessfully" time="4.327" classname="com.tutorialsninja.testsuite.LaptopsAndNotebooksPageTest"/>
  <testcase name="verifyThatUserPlaceOrderSuccessfully" time="6.412" classname="com.tutorialsninja.testsuite.LaptopsAndNotebooksPageTest"/>
  <testcase name="verifyUserShouldNavigateToComponentsPageSuccessfully" time="0.772" classname="com.tutorialsninja.testsuite.TopMenuTest"/>
  <testcase name="verifyUserShouldNavigateToDesktopsPageSuccessfully" time="1.963" classname="com.tutorialsninja.testsuite.TopMenuTest"/>
  <testcase name="verifyUserShouldNavigateToLaptopsAndNotebooksPageSuccessfully" time="0.915" classname="com.tutorialsninja.testsuite.TopMenuTest"/>
</testsuite> <!-- Command line test -->
